<?xml version="1.0" encoding="UTF-8"?>
<testng-results ignored="0" total="11" passed="11" failed="0" skipped="0">
  <reporter-output>
    <line>
      <![CDATA[===== LOGIN PAGE OPENED, ALL ELEMENTS DISPLAYED=====]]>
    </line>
    <line>
      <![CDATA[===== TEST EMPTY CREDENTIALS =====]]>
    </line>
    <line>
      <![CDATA[===== TEST EMPTY EMAIL =====]]>
    </line>
    <line>
      <![CDATA[===== TEST EMPTY PASSWORD =====]]>
    </line>
    <line>
      <![CDATA[===== TEST FORGOT PASSWORD LINK =====]]>
    </line>
    <line>
      <![CDATA[===== TEST INCORRECT EMAIL & PASSWORD =====]]>
    </line>
    <line>
      <![CDATA[===== TEST INCORRECT EMAIL =====]]>
    </line>
    <line>
      <![CDATA[===== TEST INCORRECT PASSWORD =====]]>
    </line>
    <line>
      <![CDATA[===== TEST INVALID EMAIL =====]]>
    </line>
    <line>
      <![CDATA[===== TEST LOGIN SUCCESSFUL =====]]>
    </line>
    <line>
      <![CDATA[===== TEST SIGN IN WITH DISCORD =====]]>
    </line>
    <line>
      <![CDATA[===== TEST SIGN UP LINK =====]]>
    </line>
  </reporter-output>
  <suite started-at="2024-09-06T11:18:38 IST" name="Login Test Suite" finished-at="2024-09-06T11:19:00 IST" duration-ms="21982">
    <groups>
    </groups>
    <test started-at="2024-09-06T11:18:38 IST" name="Login Test" finished-at="2024-09-06T11:19:00 IST" duration-ms="21982">
      <class name="in.gic.staticpagestest.LoginPageTest">
        <test-method is-config="true" signature="startReporter()[pri:0, instance:in.gic.staticpagestest.LoginPageTest@58ff8d79]" started-at="2024-09-06T11:18:37 IST" name="startReporter" finished-at="2024-09-06T11:18:38 IST" duration-ms="517" status="PASS">
          <reporter-output>
          </reporter-output>
        </test-method> <!-- startReporter -->
        <test-method is-config="true" signature="setUp(java.lang.String,java.lang.String)[pri:0, instance:in.gic.staticpagestest.LoginPageTest@58ff8d79]" started-at="2024-09-06T11:18:38 IST" name="setUp" finished-at="2024-09-06T11:18:43 IST" duration-ms="4934" status="PASS">
          <params>
            <param index="0">
              <value>
                <![CDATA[chrome]]>
              </value>
            </param>
            <param index="1">
              <value>
                <![CDATA[https://germanyiscalling.com/]]>
              </value>
            </param>
          </params>
          <reporter-output>
          </reporter-output>
        </test-method> <!-- setUp -->
        <test-method is-config="true" signature="setup()[pri:0, instance:in.gic.staticpagestest.LoginPageTest@58ff8d79]" started-at="2024-09-06T11:18:43 IST" name="setup" finished-at="2024-09-06T11:18:45 IST" duration-ms="1838" status="PASS">
          <reporter-output>
            <line>
              <![CDATA[===== LOGIN PAGE OPENED, ALL ELEMENTS DISPLAYED=====]]>
            </line>
          </reporter-output>
        </test-method> <!-- setup -->
        <test-method is-config="true" signature="beforeTestmethod(java.lang.reflect.Method)[pri:0, instance:in.gic.staticpagestest.LoginPageTest@58ff8d79]" started-at="2024-09-06T11:18:45 IST" name="beforeTestmethod" finished-at="2024-09-06T11:18:45 IST" duration-ms="28" status="PASS">
          <params>
            <param index="0">
              <value>
                <![CDATA[public void in.gic.staticpagestest.LoginPageTest.testEmptyCredentials()]]>
              </value>
            </param>
          </params>
          <reporter-output>
          </reporter-output>
        </test-method> <!-- beforeTestmethod -->
        <test-method signature="testEmptyCredentials()[pri:0, instance:in.gic.staticpagestest.LoginPageTest@58ff8d79]" started-at="2024-09-06T11:18:45 IST" name="testEmptyCredentials" finished-at="2024-09-06T11:18:45 IST" duration-ms="348" status="PASS">
          <reporter-output>
            <line>
              <![CDATA[===== TEST EMPTY CREDENTIALS =====]]>
            </line>
          </reporter-output>
        </test-method> <!-- testEmptyCredentials -->
        <test-method is-config="true" signature="getResult(org.testng.ITestResult)[pri:0, instance:in.gic.staticpagestest.LoginPageTest@58ff8d79]" started-at="2024-09-06T11:18:45 IST" name="getResult" finished-at="2024-09-06T11:18:45 IST" duration-ms="1" status="PASS">
          <params>
            <param index="0">
              <value>
                <![CDATA[[TestResult name=testEmptyCredentials status=SUCCESS method=LoginPageTest.testEmptyCredentials()[pri:0, instance:in.gic.staticpagestest.LoginPageTest@58ff8d79] output====== TEST EMPTY CREDENTIALS =====]]]>
              </value>
            </param>
          </params>
          <reporter-output>
          </reporter-output>
        </test-method> <!-- getResult -->
        <test-method signature="testEmptyEmail(java.lang.String)[pri:0, instance:in.gic.staticpagestest.LoginPageTest@58ff8d79]" started-at="2024-09-06T11:18:45 IST" name="testEmptyEmail" finished-at="2024-09-06T11:18:45 IST" duration-ms="346" status="PASS">
          <params>
            <param index="0">
              <value>
                <![CDATA[Test123#]]>
              </value>
            </param>
          </params>
          <reporter-output>
            <line>
              <![CDATA[===== TEST EMPTY EMAIL =====]]>
            </line>
          </reporter-output>
        </test-method> <!-- testEmptyEmail -->
        <test-method is-config="true" signature="beforeTestmethod(java.lang.reflect.Method)[pri:0, instance:in.gic.staticpagestest.LoginPageTest@58ff8d79]" started-at="2024-09-06T11:18:45 IST" name="beforeTestmethod" finished-at="2024-09-06T11:18:45 IST" duration-ms="0" status="PASS">
          <params>
            <param index="0">
              <value>
                <![CDATA[public void in.gic.staticpagestest.LoginPageTest.testEmptyEmail(java.lang.String)]]>
              </value>
            </param>
          </params>
          <reporter-output>
          </reporter-output>
        </test-method> <!-- beforeTestmethod -->
        <test-method is-config="true" signature="getResult(org.testng.ITestResult)[pri:0, instance:in.gic.staticpagestest.LoginPageTest@58ff8d79]" started-at="2024-09-06T11:18:45 IST" name="getResult" finished-at="2024-09-06T11:18:45 IST" duration-ms="1" status="PASS">
          <params>
            <param index="0">
              <value>
                <![CDATA[[TestResult name=testEmptyEmail status=SUCCESS method=LoginPageTest.testEmptyEmail(java.lang.String)[pri:0, instance:in.gic.staticpagestest.LoginPageTest@58ff8d79] output====== TEST EMPTY EMAIL =====]]]>
              </value>
            </param>
          </params>
          <reporter-output>
          </reporter-output>
        </test-method> <!-- getResult -->
        <test-method is-config="true" signature="beforeTestmethod(java.lang.reflect.Method)[pri:0, instance:in.gic.staticpagestest.LoginPageTest@58ff8d79]" started-at="2024-09-06T11:18:45 IST" name="beforeTestmethod" finished-at="2024-09-06T11:18:45 IST" duration-ms="1" status="PASS">
          <params>
            <param index="0">
              <value>
                <![CDATA[public void in.gic.staticpagestest.LoginPageTest.testEmptyPassword(java.lang.String)]]>
              </value>
            </param>
          </params>
          <reporter-output>
          </reporter-output>
        </test-method> <!-- beforeTestmethod -->
        <test-method signature="testEmptyPassword(java.lang.String)[pri:0, instance:in.gic.staticpagestest.LoginPageTest@58ff8d79]" started-at="2024-09-06T11:18:45 IST" name="testEmptyPassword" finished-at="2024-09-06T11:18:46 IST" duration-ms="746" status="PASS">
          <params>
            <param index="0">
              <value>
                <![CDATA[tanikaagautam@gmail.com]]>
              </value>
            </param>
          </params>
          <reporter-output>
            <line>
              <![CDATA[===== TEST EMPTY PASSWORD =====]]>
            </line>
          </reporter-output>
        </test-method> <!-- testEmptyPassword -->
        <test-method is-config="true" signature="getResult(org.testng.ITestResult)[pri:0, instance:in.gic.staticpagestest.LoginPageTest@58ff8d79]" started-at="2024-09-06T11:18:46 IST" name="getResult" finished-at="2024-09-06T11:18:46 IST" duration-ms="1" status="PASS">
          <params>
            <param index="0">
              <value>
                <![CDATA[[TestResult name=testEmptyPassword status=SUCCESS method=LoginPageTest.testEmptyPassword(java.lang.String)[pri:0, instance:in.gic.staticpagestest.LoginPageTest@58ff8d79] output====== TEST EMPTY PASSWORD =====]]]>
              </value>
            </param>
          </params>
          <reporter-output>
          </reporter-output>
        </test-method> <!-- getResult -->
        <test-method is-config="true" signature="beforeTestmethod(java.lang.reflect.Method)[pri:0, instance:in.gic.staticpagestest.LoginPageTest@58ff8d79]" started-at="2024-09-06T11:18:46 IST" name="beforeTestmethod" finished-at="2024-09-06T11:18:46 IST" duration-ms="2" status="PASS">
          <params>
            <param index="0">
              <value>
                <![CDATA[public void in.gic.staticpagestest.LoginPageTest.testForgotPasswordLink()]]>
              </value>
            </param>
          </params>
          <reporter-output>
          </reporter-output>
        </test-method> <!-- beforeTestmethod -->
        <test-method signature="testForgotPasswordLink()[pri:0, instance:in.gic.staticpagestest.LoginPageTest@58ff8d79]" started-at="2024-09-06T11:18:46 IST" name="testForgotPasswordLink" finished-at="2024-09-06T11:18:47 IST" duration-ms="623" status="PASS">
          <reporter-output>
            <line>
              <![CDATA[===== TEST FORGOT PASSWORD LINK =====]]>
            </line>
          </reporter-output>
        </test-method> <!-- testForgotPasswordLink -->
        <test-method is-config="true" signature="getResult(org.testng.ITestResult)[pri:0, instance:in.gic.staticpagestest.LoginPageTest@58ff8d79]" started-at="2024-09-06T11:18:47 IST" name="getResult" finished-at="2024-09-06T11:18:47 IST" duration-ms="2" status="PASS">
          <params>
            <param index="0">
              <value>
                <![CDATA[[TestResult name=testForgotPasswordLink status=SUCCESS method=LoginPageTest.testForgotPasswordLink()[pri:0, instance:in.gic.staticpagestest.LoginPageTest@58ff8d79] output====== TEST FORGOT PASSWORD LINK =====]]]>
              </value>
            </param>
          </params>
          <reporter-output>
          </reporter-output>
        </test-method> <!-- getResult -->
        <test-method is-config="true" signature="beforeTestmethod(java.lang.reflect.Method)[pri:0, instance:in.gic.staticpagestest.LoginPageTest@58ff8d79]" started-at="2024-09-06T11:18:47 IST" name="beforeTestmethod" finished-at="2024-09-06T11:18:47 IST" duration-ms="1" status="PASS">
          <params>
            <param index="0">
              <value>
                <![CDATA[public void in.gic.staticpagestest.LoginPageTest.testIncorrectCredentials()]]>
              </value>
            </param>
          </params>
          <reporter-output>
          </reporter-output>
        </test-method> <!-- beforeTestmethod -->
        <test-method signature="testIncorrectCredentials()[pri:0, instance:in.gic.staticpagestest.LoginPageTest@58ff8d79]" started-at="2024-09-06T11:18:47 IST" name="testIncorrectCredentials" finished-at="2024-09-06T11:18:48 IST" duration-ms="1640" status="PASS">
          <reporter-output>
            <line>
              <![CDATA[===== TEST INCORRECT EMAIL & PASSWORD =====]]>
            </line>
          </reporter-output>
        </test-method> <!-- testIncorrectCredentials -->
        <test-method is-config="true" signature="getResult(org.testng.ITestResult)[pri:0, instance:in.gic.staticpagestest.LoginPageTest@58ff8d79]" started-at="2024-09-06T11:18:48 IST" name="getResult" finished-at="2024-09-06T11:18:48 IST" duration-ms="1" status="PASS">
          <params>
            <param index="0">
              <value>
                <![CDATA[[TestResult name=testIncorrectCredentials status=SUCCESS method=LoginPageTest.testIncorrectCredentials()[pri:0, instance:in.gic.staticpagestest.LoginPageTest@58ff8d79] output====== TEST INCORRECT EMAIL & PASSWORD =====]]]>
              </value>
            </param>
          </params>
          <reporter-output>
          </reporter-output>
        </test-method> <!-- getResult -->
        <test-method is-config="true" signature="beforeTestmethod(java.lang.reflect.Method)[pri:0, instance:in.gic.staticpagestest.LoginPageTest@58ff8d79]" started-at="2024-09-06T11:18:48 IST" name="beforeTestmethod" finished-at="2024-09-06T11:18:48 IST" duration-ms="1" status="PASS">
          <params>
            <param index="0">
              <value>
                <![CDATA[public void in.gic.staticpagestest.LoginPageTest.testIncorrectEmail(java.lang.String)]]>
              </value>
            </param>
          </params>
          <reporter-output>
          </reporter-output>
        </test-method> <!-- beforeTestmethod -->
        <test-method signature="testIncorrectEmail(java.lang.String)[pri:0, instance:in.gic.staticpagestest.LoginPageTest@58ff8d79]" started-at="2024-09-06T11:18:48 IST" name="testIncorrectEmail" finished-at="2024-09-06T11:18:50 IST" duration-ms="1304" status="PASS">
          <params>
            <param index="0">
              <value>
                <![CDATA[Test123#]]>
              </value>
            </param>
          </params>
          <reporter-output>
            <line>
              <![CDATA[===== TEST INCORRECT EMAIL =====]]>
            </line>
          </reporter-output>
        </test-method> <!-- testIncorrectEmail -->
        <test-method is-config="true" signature="getResult(org.testng.ITestResult)[pri:0, instance:in.gic.staticpagestest.LoginPageTest@58ff8d79]" started-at="2024-09-06T11:18:50 IST" name="getResult" finished-at="2024-09-06T11:18:50 IST" duration-ms="1" status="PASS">
          <params>
            <param index="0">
              <value>
                <![CDATA[[TestResult name=testIncorrectEmail status=SUCCESS method=LoginPageTest.testIncorrectEmail(java.lang.String)[pri:0, instance:in.gic.staticpagestest.LoginPageTest@58ff8d79] output====== TEST INCORRECT EMAIL =====]]]>
              </value>
            </param>
          </params>
          <reporter-output>
          </reporter-output>
        </test-method> <!-- getResult -->
        <test-method signature="testIncorrectPassword(java.lang.String)[pri:0, instance:in.gic.staticpagestest.LoginPageTest@58ff8d79]" started-at="2024-09-06T11:18:50 IST" name="testIncorrectPassword" finished-at="2024-09-06T11:18:51 IST" duration-ms="1630" status="PASS">
          <params>
            <param index="0">
              <value>
                <![CDATA[tanikaagautam@gmail.com]]>
              </value>
            </param>
          </params>
          <reporter-output>
            <line>
              <![CDATA[===== TEST INCORRECT PASSWORD =====]]>
            </line>
          </reporter-output>
        </test-method> <!-- testIncorrectPassword -->
        <test-method is-config="true" signature="beforeTestmethod(java.lang.reflect.Method)[pri:0, instance:in.gic.staticpagestest.LoginPageTest@58ff8d79]" started-at="2024-09-06T11:18:50 IST" name="beforeTestmethod" finished-at="2024-09-06T11:18:50 IST" duration-ms="0" status="PASS">
          <params>
            <param index="0">
              <value>
                <![CDATA[public void in.gic.staticpagestest.LoginPageTest.testIncorrectPassword(java.lang.String)]]>
              </value>
            </param>
          </params>
          <reporter-output>
          </reporter-output>
        </test-method> <!-- beforeTestmethod -->
        <test-method signature="testInvalidEmail(java.lang.String)[pri:0, instance:in.gic.staticpagestest.LoginPageTest@58ff8d79]" started-at="2024-09-06T11:18:51 IST" name="testInvalidEmail" finished-at="2024-09-06T11:18:53 IST" duration-ms="1339" status="PASS">
          <params>
            <param index="0">
              <value>
                <![CDATA[Test123#]]>
              </value>
            </param>
          </params>
          <reporter-output>
            <line>
              <![CDATA[===== TEST INVALID EMAIL =====]]>
            </line>
          </reporter-output>
        </test-method> <!-- testInvalidEmail -->
        <test-method is-config="true" signature="getResult(org.testng.ITestResult)[pri:0, instance:in.gic.staticpagestest.LoginPageTest@58ff8d79]" started-at="2024-09-06T11:18:51 IST" name="getResult" finished-at="2024-09-06T11:18:51 IST" duration-ms="0" status="PASS">
          <params>
            <param index="0">
              <value>
                <![CDATA[[TestResult name=testIncorrectPassword status=SUCCESS method=LoginPageTest.testIncorrectPassword(java.lang.String)[pri:0, instance:in.gic.staticpagestest.LoginPageTest@58ff8d79] output====== TEST INCORRECT PASSWORD =====]]]>
              </value>
            </param>
          </params>
          <reporter-output>
          </reporter-output>
        </test-method> <!-- getResult -->
        <test-method is-config="true" signature="beforeTestmethod(java.lang.reflect.Method)[pri:0, instance:in.gic.staticpagestest.LoginPageTest@58ff8d79]" started-at="2024-09-06T11:18:51 IST" name="beforeTestmethod" finished-at="2024-09-06T11:18:51 IST" duration-ms="0" status="PASS">
          <params>
            <param index="0">
              <value>
                <![CDATA[public void in.gic.staticpagestest.LoginPageTest.testInvalidEmail(java.lang.String)]]>
              </value>
            </param>
          </params>
          <reporter-output>
          </reporter-output>
        </test-method> <!-- beforeTestmethod -->
        <test-method is-config="true" signature="getResult(org.testng.ITestResult)[pri:0, instance:in.gic.staticpagestest.LoginPageTest@58ff8d79]" started-at="2024-09-06T11:18:53 IST" name="getResult" finished-at="2024-09-06T11:18:53 IST" duration-ms="1" status="PASS">
          <params>
            <param index="0">
              <value>
                <![CDATA[[TestResult name=testInvalidEmail status=SUCCESS method=LoginPageTest.testInvalidEmail(java.lang.String)[pri:0, instance:in.gic.staticpagestest.LoginPageTest@58ff8d79] output====== TEST INVALID EMAIL =====]]]>
              </value>
            </param>
          </params>
          <reporter-output>
          </reporter-output>
        </test-method> <!-- getResult -->
        <test-method is-config="true" signature="beforeTestmethod(java.lang.reflect.Method)[pri:0, instance:in.gic.staticpagestest.LoginPageTest@58ff8d79]" started-at="2024-09-06T11:18:53 IST" name="beforeTestmethod" finished-at="2024-09-06T11:18:53 IST" duration-ms="1" status="PASS">
          <params>
            <param index="0">
              <value>
                <![CDATA[public void in.gic.staticpagestest.LoginPageTest.testLoginSucessful(java.lang.String,java.lang.String)]]>
              </value>
            </param>
          </params>
          <reporter-output>
          </reporter-output>
        </test-method> <!-- beforeTestmethod -->
        <test-method signature="testLoginSucessful(java.lang.String,java.lang.String)[pri:0, instance:in.gic.staticpagestest.LoginPageTest@58ff8d79]" started-at="2024-09-06T11:18:53 IST" name="testLoginSucessful" finished-at="2024-09-06T11:18:55 IST" duration-ms="2448" status="PASS">
          <params>
            <param index="0">
              <value>
                <![CDATA[tanikaagautam@gmail.com]]>
              </value>
            </param>
            <param index="1">
              <value>
                <![CDATA[Test123#]]>
              </value>
            </param>
          </params>
          <reporter-output>
            <line>
              <![CDATA[===== TEST LOGIN SUCCESSFUL =====]]>
            </line>
          </reporter-output>
        </test-method> <!-- testLoginSucessful -->
        <test-method is-config="true" signature="getResult(org.testng.ITestResult)[pri:0, instance:in.gic.staticpagestest.LoginPageTest@58ff8d79]" started-at="2024-09-06T11:18:55 IST" name="getResult" finished-at="2024-09-06T11:18:55 IST" duration-ms="1" status="PASS">
          <params>
            <param index="0">
              <value>
                <![CDATA[[TestResult name=testLoginSucessful status=SUCCESS method=LoginPageTest.testLoginSucessful(java.lang.String,java.lang.String)[pri:0, instance:in.gic.staticpagestest.LoginPageTest@58ff8d79] output====== TEST LOGIN SUCCESSFUL =====]]]>
              </value>
            </param>
          </params>
          <reporter-output>
          </reporter-output>
        </test-method> <!-- getResult -->
        <test-method is-config="true" signature="beforeTestmethod(java.lang.reflect.Method)[pri:0, instance:in.gic.staticpagestest.LoginPageTest@58ff8d79]" started-at="2024-09-06T11:18:55 IST" name="beforeTestmethod" finished-at="2024-09-06T11:18:55 IST" duration-ms="1" status="PASS">
          <params>
            <param index="0">
              <value>
                <![CDATA[public void in.gic.staticpagestest.LoginPageTest.testSigninDiscord()]]>
              </value>
            </param>
          </params>
          <reporter-output>
          </reporter-output>
        </test-method> <!-- beforeTestmethod -->
        <test-method signature="testSigninDiscord()[pri:0, instance:in.gic.staticpagestest.LoginPageTest@58ff8d79]" started-at="2024-09-06T11:18:55 IST" name="testSigninDiscord" finished-at="2024-09-06T11:18:59 IST" duration-ms="3667" status="PASS">
          <reporter-output>
            <line>
              <![CDATA[===== TEST SIGN IN WITH DISCORD =====]]>
            </line>
          </reporter-output>
        </test-method> <!-- testSigninDiscord -->
        <test-method is-config="true" signature="getResult(org.testng.ITestResult)[pri:0, instance:in.gic.staticpagestest.LoginPageTest@58ff8d79]" started-at="2024-09-06T11:18:59 IST" name="getResult" finished-at="2024-09-06T11:18:59 IST" duration-ms="0" status="PASS">
          <params>
            <param index="0">
              <value>
                <![CDATA[[TestResult name=testSigninDiscord status=SUCCESS method=LoginPageTest.testSigninDiscord()[pri:0, instance:in.gic.staticpagestest.LoginPageTest@58ff8d79] output====== TEST SIGN IN WITH DISCORD =====]]]>
              </value>
            </param>
          </params>
          <reporter-output>
          </reporter-output>
        </test-method> <!-- getResult -->
        <test-method is-config="true" signature="beforeTestmethod(java.lang.reflect.Method)[pri:0, instance:in.gic.staticpagestest.LoginPageTest@58ff8d79]" started-at="2024-09-06T11:18:59 IST" name="beforeTestmethod" finished-at="2024-09-06T11:18:59 IST" duration-ms="17" status="PASS">
          <params>
            <param index="0">
              <value>
                <![CDATA[public void in.gic.staticpagestest.LoginPageTest.testSignupLink()]]>
              </value>
            </param>
          </params>
          <reporter-output>
          </reporter-output>
        </test-method> <!-- beforeTestmethod -->
        <test-method signature="testSignupLink()[pri:0, instance:in.gic.staticpagestest.LoginPageTest@58ff8d79]" started-at="2024-09-06T11:18:59 IST" name="testSignupLink" finished-at="2024-09-06T11:19:00 IST" duration-ms="683" status="PASS">
          <reporter-output>
            <line>
              <![CDATA[===== TEST SIGN UP LINK =====]]>
            </line>
          </reporter-output>
        </test-method> <!-- testSignupLink -->
        <test-method is-config="true" signature="closeBrowser()[pri:0, instance:in.gic.staticpagestest.LoginPageTest@58ff8d79]" started-at="2024-09-06T11:19:00 IST" name="closeBrowser" finished-at="2024-09-06T11:19:00 IST" duration-ms="296" status="PASS">
          <reporter-output>
          </reporter-output>
        </test-method> <!-- closeBrowser -->
        <test-method is-config="true" signature="getResult(org.testng.ITestResult)[pri:0, instance:in.gic.staticpagestest.LoginPageTest@58ff8d79]" started-at="2024-09-06T11:19:00 IST" name="getResult" finished-at="2024-09-06T11:19:00 IST" duration-ms="0" status="PASS">
          <params>
            <param index="0">
              <value>
                <![CDATA[[TestResult name=testSignupLink status=SUCCESS method=LoginPageTest.testSignupLink()[pri:0, instance:in.gic.staticpagestest.LoginPageTest@58ff8d79] output====== TEST SIGN UP LINK =====]]]>
              </value>
            </param>
          </params>
          <reporter-output>
          </reporter-output>
        </test-method> <!-- getResult -->
        <test-method is-config="true" signature="tearDown()[pri:0, instance:in.gic.staticpagestest.LoginPageTest@58ff8d79]" started-at="2024-09-06T11:19:00 IST" name="tearDown" finished-at="2024-09-06T11:19:00 IST" duration-ms="536" status="PASS">
          <reporter-output>
          </reporter-output>
        </test-method> <!-- tearDown -->
      </class> <!-- in.gic.staticpagestest.LoginPageTest -->
    </test> <!-- Login Test -->
  </suite> <!-- Login Test Suite -->
</testng-results>
