<?xml version="1.0" encoding="UTF-8"?>
<testsuite xmlns:xsi="http://www.w3.org/2001/XMLSchema-instance" xsi:noNamespaceSchemaLocation="https://maven.apache.org/surefire/maven-surefire-plugin/xsd/surefire-test-report.xsd" name="TestSuite" time="24.422" tests="11" errors="0" skipped="0" failures="0">
  <properties>
[...]
</properties>
  <testcase name="testEmptyCredentials" classname="in.gic.staticpagestest.LoginPageTest" time="0.366"/>
  <testcase name="testEmptyEmail" classname="in.gic.staticpagestest.LoginPageTest" time="0.346"/>
  <testcase name="testEmptyPassword" classname="in.gic.staticpagestest.LoginPageTest" time="0.748"/>
  <testcase name="testForgotPasswordLink" classname="in.gic.staticpagestest.LoginPageTest" time="0.622"/>
  <testcase name="testIncorrectCredentials" classname="in.gic.staticpagestest.LoginPageTest" time="1.639"/>
  <testcase name="testIncorrectEmail" classname="in.gic.staticpagestest.LoginPageTest" time="1.305"/>
  <testcase name="testIncorrectPassword" classname="in.gic.staticpagestest.LoginPageTest" time="1.631"/>
  <testcase name="testInvalidEmail" classname="in.gic.staticpagestest.LoginPageTest" time="1.341"/>
  <testcase name="testLoginSucessful" classname="in.gic.staticpagestest.LoginPageTest" time="2.453"/>
  <testcase name="testSigninDiscord" classname="in.gic.staticpagestest.LoginPageTest" time="3.667"/>
  <testcase name="testSignupLink" classname="in.gic.staticpagestest.LoginPageTest" time="0.681"/>
</testsuite>