<?xml version="1.0" encoding="UTF-8"?>
<!-- Generated by org.testng.reporters.JUnitXMLReporter -->
<testsuite ignored="0" hostname="laptop-202417" failures="0" tests="11" name="Login Test" time="21.982" errors="0" timestamp="2024-09-06T11:19:00 IST">
  <testcase classname="in.gic.staticpagestest.LoginPageTest" name="testEmptyCredentials" time="0.348"/>
  <testcase classname="in.gic.staticpagestest.LoginPageTest" name="testEmptyEmail" time="0.346"/>
  <testcase classname="in.gic.staticpagestest.LoginPageTest" name="testEmptyPassword" time="0.746"/>
  <testcase classname="in.gic.staticpagestest.LoginPageTest" name="testForgotPasswordLink" time="0.623"/>
  <testcase classname="in.gic.staticpagestest.LoginPageTest" name="testIncorrectCredentials" time="1.64"/>
  <testcase classname="in.gic.staticpagestest.LoginPageTest" name="testIncorrectEmail" time="1.304"/>
  <testcase classname="in.gic.staticpagestest.LoginPageTest" name="testIncorrectPassword" time="1.63"/>
  <testcase classname="in.gic.staticpagestest.LoginPageTest" name="testInvalidEmail" time="1.339"/>
  <testcase classname="in.gic.staticpagestest.LoginPageTest" name="testLoginSucessful" time="2.448"/>
  <testcase classname="in.gic.staticpagestest.LoginPageTest" name="testSigninDiscord" time="3.667"/>
  <testcase classname="in.gic.staticpagestest.LoginPageTest" name="testSignupLink" time="0.683"/>
</testsuite> <!-- Login Test -->
